c:\users\dorot\desktop\c++\breakout\x64\debug\vc143.pdb
c:\users\dorot\desktop\c++\breakout\x64\debug\vc143.idb
c:\users\dorot\desktop\c++\breakout\x64\debug\xmlparser.obj
c:\users\dorot\desktop\c++\breakout\x64\debug\main.obj
c:\users\dorot\desktop\c++\breakout\x64\debug\platform.obj
c:\users\dorot\desktop\c++\breakout\x64\debug\pugixml.obj
c:\users\dorot\desktop\c++\breakout\x64\debug\gameobject.obj
c:\users\dorot\desktop\c++\breakout\x64\debug\game.obj
c:\users\dorot\desktop\c++\breakout\x64\debug\brick.obj
c:\users\dorot\desktop\c++\breakout\x64\debug\bricktypevalues.obj
c:\users\dorot\desktop\c++\breakout\x64\debug\valuegetter.obj
c:\users\dorot\desktop\c++\breakout\x64\debug\bricksoft.obj
c:\users\dorot\desktop\c++\breakout\x64\debug\brickgrid.obj
c:\users\dorot\desktop\c++\breakout\x64\debug\brickmedium.obj
c:\users\dorot\desktop\c++\breakout\x64\debug\brickimpenetrable.obj
c:\users\dorot\desktop\c++\breakout\x64\debug\brickhard.obj
c:\users\dorot\desktop\c++\breakout\x64\debug\brickgridvisual.obj
c:\users\dorot\desktop\c++\breakout\x64\debug\ball.obj
c:\users\dorot\desktop\c++\breakout\x64\debug\uimanager.obj
c:\users\dorot\desktop\c++\breakout\x64\debug\brickpool.obj
c:\users\dorot\desktop\c++\breakout\x64\debug\gamestate.obj
c:\users\dorot\desktop\c++\breakout\x64\debug\playingstate.obj
c:\users\dorot\desktop\c++\breakout\x64\debug\textcreator.obj
c:\users\dorot\desktop\c++\breakout\x64\debug\button.obj
c:\users\dorot\desktop\c++\breakout\x64\debug\mainmenustate.obj
c:\users\dorot\desktop\c++\breakout\x64\debug\gameoverstate.obj
c:\users\dorot\desktop\c++\breakout\x64\debug\levelclearstate.obj
c:\users\dorot\desktop\c++\breakout\x64\debug\levelloader.obj
c:\users\dorot\desktop\c++\breakout\x64\debug\musicplayer.obj
c:\users\dorot\desktop\c++\breakout\x64\debug\imageconfig.obj
c:\users\dorot\desktop\c++\breakout\x64\debug\soundplayer.obj
c:\users\dorot\desktop\c++\breakout\x64\debug\openal32.dll
c:\users\dorot\desktop\c++\breakout\x64\debug\sfml-audio-d-2.dll
c:\users\dorot\desktop\c++\breakout\x64\debug\sfml-graphics-d-2.dll
c:\users\dorot\desktop\c++\breakout\x64\debug\sfml-system-d-2.dll
c:\users\dorot\desktop\c++\breakout\x64\debug\sfml-window-d-2.dll
c:\users\dorot\desktop\c++\breakout\x64\debug\level_1.xml
c:\users\dorot\desktop\c++\breakout\x64\debug\level_2.xml
c:\users\dorot\desktop\c++\breakout\x64\debug\level_3.xml
c:\users\dorot\desktop\c++\breakout\x64\debug\cartoon blocks christmas.otf
c:\users\dorot\desktop\c++\breakout\x64\debug\brickhit.wav
c:\users\dorot\desktop\c++\breakout\x64\debug\brickdestroyed.wav
c:\users\dorot\desktop\c++\breakout\x64\debug\menumusic.wav
c:\users\dorot\desktop\c++\breakout\x64\debug\level_1_music.wav
c:\users\dorot\desktop\c++\breakout\x64\debug\level_3_music.wav
c:\users\dorot\desktop\c++\breakout\x64\debug\game_over_music.wav
c:\users\dorot\desktop\c++\breakout\x64\debug\game_clear.wav
c:\users\dorot\desktop\c++\breakout\x64\debug\level_clear.wav
c:\users\dorot\desktop\c++\breakout\x64\debug\ball_hit.wav
c:\users\dorot\desktop\c++\breakout\x64\debug\button1.wav
c:\users\dorot\desktop\c++\breakout\x64\debug\button2.wav
c:\users\dorot\desktop\c++\breakout\x64\debug\reset.wav
c:\users\dorot\desktop\c++\breakout\x64\debug\hit_sound_dull.wav
c:\users\dorot\desktop\c++\breakout\x64\debug\hit_sound_magic.wav
c:\users\dorot\desktop\c++\breakout\x64\debug\hit_sound_magic_2.wav
c:\users\dorot\desktop\c++\breakout\x64\debug\hit_sound_magic_3.wav
c:\users\dorot\desktop\c++\breakout\x64\debug\snowy_mountains_blue.png
c:\users\dorot\desktop\c++\breakout\x64\debug\night_forest_rabbit.png
c:\users\dorot\desktop\c++\breakout\x64\debug\snowy_christmas.png
c:\users\dorot\desktop\c++\breakout\x64\debug\snowy_purple.png
c:\users\dorot\desktop\c++\breakout\x64\debug\snowy_reindeer_green.png
c:\users\dorot\desktop\c++\breakout\x64\debug\frozen_lake.png
c:\users\dorot\desktop\c++\breakout\x64\debug\platform_1.png
c:\users\dorot\desktop\c++\breakout\x64\debug\platform_2.png
c:\users\dorot\desktop\c++\breakout\x64\debug\platform_3.png
c:\users\dorot\desktop\c++\breakout\x64\debug\ball_1.png
c:\users\dorot\desktop\c++\breakout\x64\debug\ball_2.png
c:\users\dorot\desktop\c++\breakout\x64\debug\ball_3.png
c:\users\dorot\desktop\c++\breakout\x64\debug\level_2_music.wav
c:\users\dorot\desktop\c++\breakout\x64\debug\marble_texture.png
c:\users\dorot\desktop\c++\breakout\x64\debug\red_simple.png
c:\users\dorot\desktop\c++\breakout\x64\debug\royalblue_simple.png
c:\users\dorot\desktop\c++\breakout\x64\debug\lilasilver_simple.png
c:\users\dorot\desktop\c++\breakout\x64\debug\sfml-audio-2.dll
c:\users\dorot\desktop\c++\breakout\x64\debug\sfml-graphics-2.dll
c:\users\dorot\desktop\c++\breakout\x64\debug\sfml-system-2.dll
c:\users\dorot\desktop\c++\breakout\x64\debug\sfml-window-2.dll
c:\users\dorot\desktop\c++\breakout\x64\debug\audioplayer.obj
c:\users\dorot\desktop\c++\breakout\x64\debug\bricktype.obj
c:\users\dorot\desktop\c++\breakout\x64\debug\gameconfig.obj
c:\users\dorot\desktop\c++\breakout\x64\debug\griddata.obj
c:\users\dorot\desktop\c++\breakout\x64\debug\iobserver.obj
c:\users\dorot\desktop\c++\breakout\x64\debug\statemachine.obj
c:\users\dorot\desktop\c++\breakout\x64\debug\windowmanager.obj
c:\users\dorot\desktop\c++\breakout\x64\debug\breakout.pdb
c:\users\dorot\desktop\c++\breakout\x64\debug\examplelevel.xml
c:\users\dorot\desktop\c++\breakout\x64\debug\breakout.tlog\cl.command.1.tlog
c:\users\dorot\desktop\c++\breakout\x64\debug\breakout.tlog\cl.items.tlog
c:\users\dorot\desktop\c++\breakout\x64\debug\breakout.tlog\cl.read.1.tlog
c:\users\dorot\desktop\c++\breakout\x64\debug\breakout.tlog\cl.write.1.tlog
c:\users\dorot\desktop\c++\breakout\x64\debug\breakout.tlog\copyfile.command.1.tlog
c:\users\dorot\desktop\c++\breakout\x64\debug\breakout.tlog\copyfile.read.1.tlog
c:\users\dorot\desktop\c++\breakout\x64\debug\breakout.tlog\copyfile.write.1.tlog
c:\users\dorot\desktop\c++\breakout\x64\debug\breakout.tlog\link.19812-cvtres.read.1.tlog
c:\users\dorot\desktop\c++\breakout\x64\debug\breakout.tlog\link.19812-cvtres.write.1.tlog
c:\users\dorot\desktop\c++\breakout\x64\debug\breakout.tlog\link.19812-rc.read.1.tlog
c:\users\dorot\desktop\c++\breakout\x64\debug\breakout.tlog\link.19812-rc.write.1.tlog
c:\users\dorot\desktop\c++\breakout\x64\debug\breakout.tlog\link.19812.read.1.tlog
c:\users\dorot\desktop\c++\breakout\x64\debug\breakout.tlog\link.19812.read.2.tlog
c:\users\dorot\desktop\c++\breakout\x64\debug\breakout.tlog\link.19812.write.1.tlog
c:\users\dorot\desktop\c++\breakout\x64\debug\breakout.tlog\link.command.1.tlog
c:\users\dorot\desktop\c++\breakout\x64\debug\breakout.tlog\link.read.1.tlog
c:\users\dorot\desktop\c++\breakout\x64\debug\breakout.tlog\link.write.1.tlog
