  main.cpp
C:\Users\dorot\Desktop\C++\Breakout\src\main.cpp(25,63): warning C4244: 'argument': conversion from 'T' to 'float', possible loss of data
          with
          [
              T=unsigned int
          ]
C:\Users\dorot\Desktop\C++\Breakout\src\main.cpp(25,39): warning C4244: 'argument': conversion from 'T' to 'float', possible loss of data
          with
          [
              T=unsigned int
          ]
C:\Users\dorot\Desktop\C++\Breakout\src\main.cpp(44,33): warning C4018: '>': signed/unsigned mismatch
C:\Users\dorot\Desktop\C++\Breakout\src\main.cpp(45,41): warning C4244: 'argument': conversion from 'T' to 'float', possible loss of data
          with
          [
              T=unsigned int
          ]
C:\Users\dorot\Desktop\C++\Breakout\src\main.cpp(48,40): warning C4244: 'argument': conversion from 'T' to 'float', possible loss of data
          with
          [
              T=int
          ]
C:\Users\dorot\Desktop\C++\Breakout\src\main.cpp(105,63): warning C4244: 'argument': conversion from 'T' to 'float', possible loss of data
          with
          [
              T=unsigned int
          ]
C:\Users\dorot\Desktop\C++\Breakout\src\main.cpp(105,39): warning C4244: 'argument': conversion from 'T' to 'float', possible loss of data
          with
          [
              T=unsigned int
          ]
C:\Users\dorot\Desktop\C++\Breakout\src\main.cpp(139,33): warning C4018: '>': signed/unsigned mismatch
C:\Users\dorot\Desktop\C++\Breakout\src\main.cpp(140,41): warning C4244: 'argument': conversion from 'T' to 'float', possible loss of data
          with
          [
              T=unsigned int
          ]
C:\Users\dorot\Desktop\C++\Breakout\src\main.cpp(143,40): warning C4244: 'argument': conversion from 'T' to 'float', possible loss of data
          with
          [
              T=int
          ]
  Breakout.vcxproj -> C:\Users\dorot\Desktop\C++\Breakout\x64\Debug\Breakout.exe
